# JRE version: OpenJDK Runtime Environment (17.0.7) (build 17.0.7+0-b2043.56-10550314)
# Java VM: OpenJDK 64-Bit Server VM (17.0.7+0-b2043.56-10550314, mixed mode, tiered, compressed oops, compressed class ptrs, g1 gc, windows-amd64)
GC Precious Log:
 CPUs: 12 total, 12 available
 Memory: 8033M
 Large Page Support: Disabled
 NUMA Support: Disabled
 Compressed Oops: Enabled (32-bit)
 Heap Region Size: 1M
 Heap Min Capacity: 8M
 Heap Initial Capacity: 126M
 Heap Max Capacity: 2G
 Pre-touch: Disabled
 Parallel Workers: 10
 Concurrent Workers: 3
 Concurrent Refinement Workers: 10
 Periodic GC: Disabled
Heap:
 garbage-first heap   total 142336K, used 86717K [0x0000000080000000, 0x0000000100000000)
  region size 1024K, 4 young (4096K), 4 survivors (4096K)
 Metaspace       used 97831K, committed 98560K, reserved 1179648K
  class space    used 13560K, committed 13888K, reserved 1048576K
GC Heap History (20 events):
Event: 13.722 GC heap after
{Heap after GC invocations=21 (full 0):
 garbage-first heap   total 132096K, used 62619K [0x0000000080000000, 0x0000000100000000)
  region size 1024K, 6 young (6144K), 6 survivors (6144K)
 Metaspace       used 79372K, committed 80000K, reserved 1179648K
  class space    used 10636K, committed 10944K, reserved 1048576K
}
Event: 14.185 GC heap before
{Heap before GC invocations=21 (full 0):
 garbage-first heap   total 132096K, used 105627K [0x0000000080000000, 0x0000000100000000)
  region size 1024K, 48 young (49152K), 6 survivors (6144K)
 Metaspace       used 82110K, committed 82752K, reserved 1179648K
  class space    used 11010K, committed 11328K, reserved 1048576K
}
Event: 14.191 GC heap after
{Heap after GC invocations=22 (full 0):
 garbage-first heap   total 132096K, used 65363K [0x0000000080000000, 0x0000000100000000)
  region size 1024K, 6 young (6144K), 6 survivors (6144K)
 Metaspace       used 82110K, committed 82752K, reserved 1179648K
  class space    used 11010K, committed 11328K, reserved 1048576K
}
Event: 14.688 GC heap before
{Heap before GC invocations=22 (full 0):
 garbage-first heap   total 132096K, used 107347K [0x0000000080000000, 0x0000000100000000)
  region size 1024K, 47 young (48128K), 6 survivors (6144K)
 Metaspace       used 85474K, committed 86080K, reserved 1179648K
  class space    used 11681K, committed 11968K, reserved 1048576K
}
Event: 14.692 GC heap after
{Heap after GC invocations=23 (full 0):
 garbage-first heap   total 132096K, used 66082K [0x0000000080000000, 0x0000000100000000)
  region size 1024K, 4 young (4096K), 4 survivors (4096K)
 Metaspace       used 85474K, committed 86080K, reserved 1179648K
  class space    used 11681K, committed 11968K, reserved 1048576K
}
Event: 15.234 GC heap before
{Heap before GC invocations=24 (full 0):
 garbage-first heap   total 132096K, used 108066K [0x0000000080000000, 0x0000000100000000)
  region size 1024K, 45 young (46080K), 4 survivors (4096K)
 Metaspace       used 89002K, committed 89536K, reserved 1179648K
  class space    used 12210K, committed 12480K, reserved 1048576K
}
Event: 15.238 GC heap after
{Heap after GC invocations=25 (full 0):
 garbage-first heap   total 132096K, used 68550K [0x0000000080000000, 0x0000000100000000)
  region size 1024K, 4 young (4096K), 4 survivors (4096K)
 Metaspace       used 89002K, committed 89536K, reserved 1179648K
  class space    used 12210K, committed 12480K, reserved 1048576K
}
Event: 15.718 GC heap before
{Heap before GC invocations=25 (full 0):
 garbage-first heap   total 132096K, used 109510K [0x0000000080000000, 0x0000000100000000)
  region size 1024K, 44 young (45056K), 4 survivors (4096K)
 Metaspace       used 92257K, committed 92928K, reserved 1179648K
  class space    used 12737K, committed 13056K, reserved 1048576K
}
Event: 15.722 GC heap after
{Heap after GC invocations=26 (full 0):
 garbage-first heap   total 132096K, used 70640K [0x0000000080000000, 0x0000000100000000)
  region size 1024K, 5 young (5120K), 5 survivors (5120K)
 Metaspace       used 92257K, committed 92928K, reserved 1179648K
  class space    used 12737K, committed 13056K, reserved 1048576K
}
Event: 16.391 GC heap before
{Heap before GC invocations=27 (full 0):
 garbage-first heap   total 132096K, used 109552K [0x0000000080000000, 0x0000000100000000)
  region size 1024K, 43 young (44032K), 5 survivors (5120K)
 Metaspace       used 95546K, committed 96192K, reserved 1179648K
  class space    used 13164K, committed 13504K, reserved 1048576K
}
Event: 16.395 GC heap after
{Heap after GC invocations=28 (full 0):
 garbage-first heap   total 132096K, used 73757K [0x0000000080000000, 0x0000000100000000)
  region size 1024K, 5 young (5120K), 5 survivors (5120K)
 Metaspace       used 95546K, committed 96192K, reserved 1179648K
  class space    used 13164K, committed 13504K, reserved 1048576K
}
Event: 16.401 GC heap before
{Heap before GC invocations=28 (full 0):
 garbage-first heap   total 132096K, used 74781K [0x0000000080000000, 0x0000000100000000)
  region size 1024K, 6 young (6144K), 5 survivors (5120K)
 Metaspace       used 95556K, committed 96192K, reserved 1179648K
  class space    used 13165K, committed 13504K, reserved 1048576K
}
Event: 16.405 GC heap after
{Heap after GC invocations=29 (full 0):
 garbage-first heap   total 132096K, used 74117K [0x0000000080000000, 0x0000000100000000)
  region size 1024K, 1 young (1024K), 1 survivors (1024K)
 Metaspace       used 95556K, committed 96192K, reserved 1179648K
  class space    used 13165K, committed 13504K, reserved 1048576K
}
Event: 16.607 GC heap before
{Heap before GC invocations=29 (full 0):
 garbage-first heap   total 132096K, used 109957K [0x0000000080000000, 0x0000000100000000)
  region size 1024K, 36 young (36864K), 1 survivors (1024K)
 Metaspace       used 95766K, committed 96448K, reserved 1179648K
  class space    used 13179K, committed 13504K, reserved 1048576K
}
Event: 16.611 GC heap after
{Heap after GC invocations=30 (full 0):
 garbage-first heap   total 132096K, used 79872K [0x0000000080000000, 0x0000000100000000)
  region size 1024K, 5 young (5120K), 5 survivors (5120K)
 Metaspace       used 95766K, committed 96448K, reserved 1179648K
  class space    used 13179K, committed 13504K, reserved 1048576K
}
Event: 17.071 GC heap before
{Heap before GC invocations=31 (full 0):
 garbage-first heap   total 142336K, used 107520K [0x0000000080000000, 0x0000000100000000)
  region size 1024K, 33 young (33792K), 5 survivors (5120K)
 Metaspace       used 97675K, committed 98368K, reserved 1179648K
  class space    used 13547K, committed 13888K, reserved 1048576K
}
Event: 17.077 GC heap after
{Heap after GC invocations=32 (full 0):
 garbage-first heap   total 142336K, used 83577K [0x0000000080000000, 0x0000000100000000)
  region size 1024K, 4 young (4096K), 4 survivors (4096K)
 Metaspace       used 97675K, committed 98368K, reserved 1179648K
  class space    used 13547K, committed 13888K, reserved 1048576K
}
Event: 17.085 GC heap before
{Heap before GC invocations=32 (full 0):
 garbage-first heap   total 142336K, used 85625K [0x0000000080000000, 0x0000000100000000)
  region size 1024K, 6 young (6144K), 4 survivors (4096K)
 Metaspace       used 97706K, committed 98368K, reserved 1179648K
  class space    used 13553K, committed 13888K, reserved 1048576K
}
Event: 17.088 GC heap after
{Heap after GC invocations=33 (full 0):
 garbage-first heap   total 142336K, used 84344K [0x0000000080000000, 0x0000000100000000)
  region size 1024K, 1 young (1024K), 1 survivors (1024K)
 Metaspace       used 97706K, committed 98368K, reserved 1179648K
  class space    used 13553K, committed 13888K, reserved 1048576K
}
Event: 17.297 GC heap before
{Heap before GC invocations=33 (full 0):
 garbage-first heap   total 142336K, used 115064K [0x0000000080000000, 0x0000000100000000)
  region size 1024K, 32 young (32768K), 1 survivors (1024K)
 Metaspace       used 97831K, committed 98560K, reserved 1179648K
  class space    used 13560K, committed 13888K, reserved 1048576K
}

