# JRE version: OpenJDK Runtime Environment (17.0.7) (build 17.0.7+0-b2043.56-10550314)
# Java VM: OpenJDK 64-Bit Server VM (17.0.7+0-b2043.56-10550314, mixed mode, tiered, compressed oops, compressed class ptrs, g1 gc, windows-amd64)
GC Precious Log:
 CPUs: 12 total, 12 available
 Memory: 8033M
 Large Page Support: Disabled
 NUMA Support: Disabled
 Compressed Oops: Enabled (32-bit)
 Heap Region Size: 1M
 Heap Min Capacity: 8M
 Heap Initial Capacity: 126M
 Heap Max Capacity: 2G
 Pre-touch: Disabled
 Parallel Workers: 10
 Concurrent Workers: 3
 Concurrent Refinement Workers: 10
 Periodic GC: Disabled
Heap:
 garbage-first heap   total 94208K, used 54496K [0x0000000080000000, 0x0000000100000000)
  region size 1024K, 4 young (4096K), 2 survivors (2048K)
 Metaspace       used 68518K, committed 69056K, reserved 1114112K
  class space    used 9156K, committed 9408K, reserved 1048576K
GC Heap History (20 events):
Event: 3.916 GC heap before
{Heap before GC invocations=10 (full 0):
 garbage-first heap   total 68608K, used 50583K [0x0000000080000000, 0x0000000100000000)
  region size 1024K, 30 young (30720K), 3 survivors (3072K)
 Metaspace       used 41100K, committed 41472K, reserved 1114112K
  class space    used 5479K, committed 5632K, reserved 1048576K
}
Event: 3.921 GC heap after
{Heap after GC invocations=11 (full 0):
 garbage-first heap   total 89088K, used 27418K [0x0000000080000000, 0x0000000100000000)
  region size 1024K, 4 young (4096K), 4 survivors (4096K)
 Metaspace       used 41100K, committed 41472K, reserved 1114112K
  class space    used 5479K, committed 5632K, reserved 1048576K
}
Event: 3.935 GC heap before
{Heap before GC invocations=11 (full 0):
 garbage-first heap   total 89088K, used 28442K [0x0000000080000000, 0x0000000100000000)
  region size 1024K, 5 young (5120K), 4 survivors (4096K)
 Metaspace       used 41101K, committed 41472K, reserved 1114112K
  class space    used 5479K, committed 5632K, reserved 1048576K
}
Event: 3.938 GC heap after
{Heap after GC invocations=12 (full 0):
 garbage-first heap   total 89088K, used 27718K [0x0000000080000000, 0x0000000100000000)
  region size 1024K, 1 young (1024K), 1 survivors (1024K)
 Metaspace       used 41101K, committed 41472K, reserved 1114112K
  class space    used 5479K, committed 5632K, reserved 1048576K
}
Event: 4.433 GC heap before
{Heap before GC invocations=12 (full 0):
 garbage-first heap   total 89088K, used 71750K [0x0000000080000000, 0x0000000100000000)
  region size 1024K, 39 young (39936K), 1 survivors (1024K)
 Metaspace       used 43983K, committed 44416K, reserved 1114112K
  class space    used 5811K, committed 6016K, reserved 1048576K
}
Event: 4.437 GC heap after
{Heap after GC invocations=13 (full 0):
 garbage-first heap   total 89088K, used 30222K [0x0000000080000000, 0x0000000100000000)
  region size 1024K, 4 young (4096K), 4 survivors (4096K)
 Metaspace       used 43983K, committed 44416K, reserved 1114112K
  class space    used 5811K, committed 6016K, reserved 1048576K
}
Event: 5.010 GC heap before
{Heap before GC invocations=13 (full 0):
 garbage-first heap   total 89088K, used 68110K [0x0000000080000000, 0x0000000100000000)
  region size 1024K, 40 young (40960K), 4 survivors (4096K)
 Metaspace       used 48556K, committed 49024K, reserved 1114112K
  class space    used 6473K, committed 6656K, reserved 1048576K
}
Event: 5.013 GC heap after
{Heap after GC invocations=14 (full 0):
 garbage-first heap   total 89088K, used 33079K [0x0000000080000000, 0x0000000100000000)
  region size 1024K, 3 young (3072K), 3 survivors (3072K)
 Metaspace       used 48556K, committed 49024K, reserved 1114112K
  class space    used 6473K, committed 6656K, reserved 1048576K
}
Event: 7.833 GC heap before
{Heap before GC invocations=14 (full 0):
 garbage-first heap   total 89088K, used 68919K [0x0000000080000000, 0x0000000100000000)
  region size 1024K, 38 young (38912K), 3 survivors (3072K)
 Metaspace       used 52989K, committed 53440K, reserved 1114112K
  class space    used 7172K, committed 7360K, reserved 1048576K
}
Event: 7.836 GC heap after
{Heap after GC invocations=15 (full 0):
 garbage-first heap   total 89088K, used 34236K [0x0000000080000000, 0x0000000100000000)
  region size 1024K, 4 young (4096K), 4 survivors (4096K)
 Metaspace       used 52989K, committed 53440K, reserved 1114112K
  class space    used 7172K, committed 7360K, reserved 1048576K
}
Event: 9.422 GC heap before
{Heap before GC invocations=15 (full 0):
 garbage-first heap   total 89088K, used 69052K [0x0000000080000000, 0x0000000100000000)
  region size 1024K, 39 young (39936K), 4 survivors (4096K)
 Metaspace       used 59726K, committed 60160K, reserved 1114112K
  class space    used 8006K, committed 8192K, reserved 1048576K
}
Event: 9.427 GC heap after
{Heap after GC invocations=16 (full 0):
 garbage-first heap   total 89088K, used 38170K [0x0000000080000000, 0x0000000100000000)
  region size 1024K, 5 young (5120K), 5 survivors (5120K)
 Metaspace       used 59726K, committed 60160K, reserved 1114112K
  class space    used 8006K, committed 8192K, reserved 1048576K
}
Event: 10.046 GC heap before
{Heap before GC invocations=17 (full 0):
 garbage-first heap   total 89088K, used 75033K [0x0000000080000000, 0x0000000100000000)
  region size 1024K, 36 young (36864K), 5 survivors (5120K)
 Metaspace       used 61280K, committed 61824K, reserved 1114112K
  class space    used 8204K, committed 8448K, reserved 1048576K
}
Event: 10.051 GC heap after
{Heap after GC invocations=18 (full 0):
 garbage-first heap   total 89088K, used 49552K [0x0000000080000000, 0x0000000100000000)
  region size 1024K, 5 young (5120K), 5 survivors (5120K)
 Metaspace       used 61280K, committed 61824K, reserved 1114112K
  class space    used 8204K, committed 8448K, reserved 1048576K
}
Event: 10.122 GC heap before
{Heap before GC invocations=19 (full 0):
 garbage-first heap   total 89088K, used 55696K [0x0000000080000000, 0x0000000100000000)
  region size 1024K, 13 young (13312K), 5 survivors (5120K)
 Metaspace       used 61868K, committed 62400K, reserved 1114112K
  class space    used 8262K, committed 8512K, reserved 1048576K
}
Event: 10.124 GC heap after
{Heap after GC invocations=20 (full 0):
 garbage-first heap   total 89088K, used 50822K [0x0000000080000000, 0x0000000100000000)
  region size 1024K, 1 young (1024K), 1 survivors (1024K)
 Metaspace       used 61868K, committed 62400K, reserved 1114112K
  class space    used 8262K, committed 8512K, reserved 1048576K
}
Event: 10.331 GC heap before
{Heap before GC invocations=21 (full 0):
 garbage-first heap   total 91136K, used 72326K [0x0000000080000000, 0x0000000100000000)
  region size 1024K, 21 young (21504K), 1 survivors (1024K)
 Metaspace       used 63743K, committed 64256K, reserved 1114112K
  class space    used 8541K, committed 8768K, reserved 1048576K
}
Event: 10.333 GC heap after
{Heap after GC invocations=22 (full 0):
 garbage-first heap   total 91136K, used 52137K [0x0000000080000000, 0x0000000100000000)
  region size 1024K, 2 young (2048K), 2 survivors (2048K)
 Metaspace       used 63743K, committed 64256K, reserved 1114112K
  class space    used 8541K, committed 8768K, reserved 1048576K
}
Event: 10.671 GC heap before
{Heap before GC invocations=22 (full 0):
 garbage-first heap   total 91136K, used 71593K [0x0000000080000000, 0x0000000100000000)
  region size 1024K, 22 young (22528K), 2 survivors (2048K)
 Metaspace       used 65863K, committed 66368K, reserved 1114112K
  class space    used 8774K, committed 9024K, reserved 1048576K
}
Event: 10.672 GC heap after
{Heap after GC invocations=23 (full 0):
 garbage-first heap   total 91136K, used 52581K [0x0000000080000000, 0x0000000100000000)
  region size 1024K, 2 young (2048K), 2 survivors (2048K)
 Metaspace       used 65863K, committed 66368K, reserved 1114112K
  class space    used 8774K, committed 9024K, reserved 1048576K
}

